2025-10-21 00:03:02,215 - INFO - \u2705 Database tables checked/created successfully.
2025-10-21 00:05:52,351 - INFO - \u2705 Database tables checked/created successfully.
2025-10-21 00:06:57,463 - INFO - \u2705 Database tables checked/created successfully.
2025-10-21 00:07:11,928 - INFO - \u2705 Database tables checked/created successfully.
2025-10-21 00:10:34,723 - INFO - \u2705 Database tables checked/created successfully.
2025-10-21 00:13:42,100 - INFO - \u2705 Database tables checked/created successfully.
2025-10-21 00:14:20,250 - INFO - \u2705 Database tables checked/created successfully.
2025-10-21 00:14:35,786 - INFO - \u2705 Database tables checked/created successfully.
2025-10-21 00:19:20,144 - INFO - \u2705 Database tables checked/created successfully.
2025-10-21 00:26:10,723 - INFO - \u2705 Database tables checked/created successfully.
2025-10-21 00:26:25,428 - INFO - \u2705 Database tables checked/created successfully.
2025-10-21 00:27:23,352 - INFO - \u2705 Database tables checked/created successfully.
2025-10-22 13:45:33,692 - INFO - \u2705 Database tables checked/created successfully.
2025-10-22 13:47:08,156 - INFO - \u2705 Database tables checked/created successfully.
2025-10-23 22:15:26,384 - INFO - \u2705 Database tables checked/created successfully.
2025-10-23 22:18:29,147 - INFO - \u2705 Database tables checked/created successfully.
2025-10-23 22:19:57,954 - INFO - \u2705 Database tables checked/created successfully.
2025-10-23 22:20:16,679 - INFO - \u2705 Database tables checked/created successfully.
2025-10-23 22:20:19,577 - INFO - \u2705 Database tables checked/created successfully.
2025-10-23 22:25:08,761 - WARNING - (trapped) error reading bcrypt version
Traceback (most recent call last):
  File "D:\Python\Lib\site-packages\passlib\handlers\bcrypt.py", line 620, in _load_backend_mixin
    version = _bcrypt.__about__.__version__
              ^^^^^^^^^^^^^^^^^
AttributeError: module 'bcrypt' has no attribute '__about__'
2025-10-23 22:45:15,886 - INFO - \u2705 Database tables checked/created successfully.
2025-10-23 22:45:29,925 - INFO - \u2705 Database tables checked/created successfully.
2025-10-23 22:45:36,139 - INFO - \u2705 Database tables checked/created successfully.
2025-10-23 22:46:48,927 - WARNING - (trapped) error reading bcrypt version
Traceback (most recent call last):
  File "D:\Python\Lib\site-packages\passlib\handlers\bcrypt.py", line 620, in _load_backend_mixin
    version = _bcrypt.__about__.__version__
              ^^^^^^^^^^^^^^^^^
AttributeError: module 'bcrypt' has no attribute '__about__'
2025-10-23 22:49:59,139 - INFO - \u2705 Database tables checked/created successfully.
2025-10-23 22:50:02,588 - INFO - \u2705 Database tables checked/created successfully.
2025-10-23 22:50:25,462 - INFO - \u2705 Database tables checked/created successfully.
2025-10-23 22:51:22,074 - INFO - \u2705 Database tables checked/created successfully.
2025-10-23 22:51:26,803 - INFO - \u2705 Database tables checked/created successfully.
2025-10-23 22:51:48,014 - INFO - \u2705 Database tables checked/created successfully.
2025-10-23 22:51:52,125 - INFO - \u2705 Database tables checked/created successfully.
2025-10-23 22:51:58,793 - INFO - \u2705 Database tables checked/created successfully.
2025-10-23 22:54:41,385 - INFO - \u2705 Database tables checked/created successfully.
2025-10-23 22:54:50,112 - INFO - \u2705 Database tables checked/created successfully.
2025-10-23 22:55:35,863 - WARNING - (trapped) error reading bcrypt version
Traceback (most recent call last):
  File "D:\Python\Lib\site-packages\passlib\handlers\bcrypt.py", line 620, in _load_backend_mixin
    version = _bcrypt.__about__.__version__
              ^^^^^^^^^^^^^^^^^
AttributeError: module 'bcrypt' has no attribute '__about__'
2025-10-23 22:57:43,689 - INFO - \u2705 Database tables checked/created successfully.
2025-10-23 22:57:47,707 - INFO - \u2705 Database tables checked/created successfully.
2025-10-23 22:57:55,144 - INFO - \u2705 Database tables checked/created successfully.
2025-10-23 23:03:00,983 - INFO - \u2705 Database tables checked/created successfully.
2025-10-23 23:04:20,697 - WARNING - (trapped) error reading bcrypt version
Traceback (most recent call last):
  File "D:\Python\Lib\site-packages\passlib\handlers\bcrypt.py", line 620, in _load_backend_mixin
    version = _bcrypt.__about__.__version__
              ^^^^^^^^^^^^^^^^^
AttributeError: module 'bcrypt' has no attribute '__about__'
2025-10-23 23:05:41,992 - WARNING - (trapped) error reading bcrypt version
Traceback (most recent call last):
  File "D:\Python\Lib\site-packages\passlib\handlers\bcrypt.py", line 620, in _load_backend_mixin
    version = _bcrypt.__about__.__version__
              ^^^^^^^^^^^^^^^^^
AttributeError: module 'bcrypt' has no attribute '__about__'
2025-10-23 23:11:17,095 - INFO - \u2705 Database tables checked/created successfully.
2025-10-23 23:15:13,340 - WARNING - (trapped) error reading bcrypt version
Traceback (most recent call last):
  File "D:\Python\Lib\site-packages\passlib\handlers\bcrypt.py", line 620, in _load_backend_mixin
    version = _bcrypt.__about__.__version__
              ^^^^^^^^^^^^^^^^^
AttributeError: module 'bcrypt' has no attribute '__about__'
2025-10-23 23:17:30,602 - INFO - \u2705 Database tables checked/created successfully.
2025-10-23 23:21:20,945 - WARNING - (trapped) error reading bcrypt version
Traceback (most recent call last):
  File "D:\Python\Lib\site-packages\passlib\handlers\bcrypt.py", line 620, in _load_backend_mixin
    version = _bcrypt.__about__.__version__
              ^^^^^^^^^^^^^^^^^
AttributeError: module 'bcrypt' has no attribute '__about__'
2025-10-23 23:22:17,505 - INFO - \u2705 Database tables checked/created successfully.
2025-10-23 23:22:20,319 - WARNING - (trapped) error reading bcrypt version
Traceback (most recent call last):
  File "D:\Python\Lib\site-packages\passlib\handlers\bcrypt.py", line 620, in _load_backend_mixin
    version = _bcrypt.__about__.__version__
              ^^^^^^^^^^^^^^^^^
AttributeError: module 'bcrypt' has no attribute '__about__'
2025-10-23 23:22:53,599 - INFO - \u2705 Database tables checked/created successfully.
2025-10-23 23:23:37,316 - WARNING - (trapped) error reading bcrypt version
Traceback (most recent call last):
  File "D:\Python\Lib\site-packages\passlib\handlers\bcrypt.py", line 620, in _load_backend_mixin
    version = _bcrypt.__about__.__version__
              ^^^^^^^^^^^^^^^^^
AttributeError: module 'bcrypt' has no attribute '__about__'
2025-10-23 23:25:16,250 - INFO - \u2705 Database tables checked/created successfully.
2025-10-23 23:25:34,986 - INFO - \u2705 Database tables checked/created successfully.
2025-10-23 23:25:53,483 - INFO - \u2705 Database tables checked/created successfully.
2025-10-23 23:26:51,792 - INFO - \u2705 Database tables checked/created successfully.
2025-11-30 22:55:37,732 - INFO - \u2705 Database tables checked/created successfully.
2025-12-05 21:54:14,284 - INFO - \u2705 Database tables checked/created successfully.
2025-12-05 22:19:50,762 - INFO - OPTIONS /api/sanpham completed in 6ms
2025-12-05 22:19:50,770 - INFO - OPTIONS /api/sanpham completed in 0ms
2025-12-05 22:19:50,778 - INFO - GET /api/sanpham completed in 2ms
2025-12-05 22:19:51,297 - INFO - GET /api/sanpham completed in 1ms
2025-12-05 22:20:17,558 - INFO - OPTIONS /api/sanpham completed in 0ms
2025-12-05 22:20:17,560 - INFO - GET /api/sanpham completed in 1ms
2025-12-05 22:32:10,841 - INFO - OPTIONS /api/sanpham completed in 1ms
2025-12-05 22:32:10,853 - INFO - GET /api/sanpham completed in 5ms
2025-12-05 22:34:26,020 - INFO - \u2705 Database tables checked/created successfully.
2025-12-05 22:34:27,971 - INFO - \u2705 Database tables checked/created successfully.
2025-12-05 22:35:01,009 - INFO - \u2705 Database tables checked/created successfully.
2025-12-05 22:35:03,726 - INFO - \u2705 Database tables checked/created successfully.
2025-12-05 22:35:06,275 - INFO - \u2705 Database tables checked/created successfully.
2025-12-05 22:35:08,975 - INFO - \u2705 Database tables checked/created successfully.
2025-12-05 22:35:12,667 - INFO - \u2705 Database tables checked/created successfully.
2025-12-05 22:35:18,825 - INFO - \u2705 Database tables checked/created successfully.
2025-12-05 22:36:11,160 - INFO - \u2705 Database tables checked/created successfully.
2025-12-05 22:39:10,925 - INFO - \u2705 Database tables checked/created successfully.
2025-12-05 22:40:20,319 - INFO - OPTIONS /api/sanpham completed in 1ms
2025-12-05 22:40:20,323 - INFO - GET /api/sanpham completed in 0ms
2025-12-05 22:40:20,327 - INFO - OPTIONS /api/sanpham/ completed in 1ms
2025-12-05 22:40:20,332 - INFO - GET /api/sanpham/ completed in 2ms
2025-12-05 22:40:20,829 - INFO - GET /api/sanpham completed in 2ms
2025-12-05 22:40:20,848 - INFO - GET /api/sanpham/ completed in 1ms
2025-12-05 22:40:21,453 - INFO - GET /api/sanpham completed in 1ms
2025-12-05 22:40:21,462 - INFO - GET /api/sanpham/ completed in 2ms
2025-12-05 22:40:36,782 - INFO - GET /api/sanpham completed in 1ms
2025-12-05 22:40:36,786 - INFO - OPTIONS /api/sanpham/ completed in 0ms
2025-12-05 22:40:36,790 - INFO - GET /api/sanpham/ completed in 2ms
2025-12-05 22:45:43,661 - INFO - OPTIONS /api/sanpham completed in 1ms
2025-12-05 22:45:43,669 - INFO - GET /api/sanpham completed in 1ms
2025-12-05 22:45:43,681 - INFO - GET /api/sanpham/ completed in 3ms
2025-12-05 22:57:12,154 - INFO - \u2705 Database tables checked/created successfully.
2025-12-05 22:57:15,933 - INFO - \u2705 Database tables checked/created successfully.
2025-12-05 22:57:26,532 - INFO - \u2705 Database tables checked/created successfully.
2025-12-05 22:57:31,051 - INFO - \u2705 Database tables checked/created successfully.
2025-12-05 22:57:34,437 - INFO - \u2705 Database tables checked/created successfully.
2025-12-05 22:57:46,376 - INFO - \u2705 Database tables checked/created successfully.
2025-12-05 22:57:59,236 - INFO - \u2705 Database tables checked/created successfully.
2025-12-05 22:58:09,163 - INFO - \u2705 Database tables checked/created successfully.
2025-12-05 22:59:03,372 - INFO - \u2705 Database tables checked/created successfully.
2025-12-05 22:59:18,319 - INFO - \u2705 Database tables checked/created successfully.
2025-12-05 22:59:39,606 - INFO - OPTIONS /api/sanpham completed in 0ms
2025-12-05 22:59:39,609 - INFO - GET /api/sanpham completed in 1ms
2025-12-05 22:59:39,613 - INFO - OPTIONS /api/sanpham/ completed in 0ms
2025-12-05 22:59:39,777 - INFO - GET /api/sanpham/ completed in 163ms
2025-12-05 23:00:05,175 - INFO - OPTIONS /api/sanpham completed in 1ms
2025-12-05 23:00:05,186 - INFO - GET /api/sanpham completed in 2ms
2025-12-05 23:00:05,201 - INFO - OPTIONS /api/sanpham/ completed in 0ms
2025-12-05 23:00:05,227 - INFO - GET /api/sanpham/ completed in 19ms
2025-12-05 23:00:38,654 - INFO - OPTIONS /api/sanpham completed in 0ms
2025-12-05 23:00:38,661 - INFO - OPTIONS /api/danhmuc completed in 0ms
2025-12-05 23:00:38,663 - INFO - OPTIONS /api/sanpham completed in 3ms
2025-12-05 23:00:38,665 - INFO - OPTIONS /api/danhmuc completed in 4ms
2025-12-05 23:00:38,666 - INFO - GET /api/sanpham completed in 5ms
2025-12-05 23:00:38,669 - INFO - GET /api/danhmuc completed in 2ms
2025-12-05 23:00:38,673 - INFO - GET /api/sanpham completed in 2ms
2025-12-05 23:00:38,676 - INFO - OPTIONS /api/sanpham/ completed in 3ms
2025-12-05 23:00:38,677 - INFO - GET /api/danhmuc completed in 3ms
2025-12-05 23:00:38,679 - INFO - OPTIONS /api/danhmuc/ completed in 2ms
2025-12-05 23:00:38,683 - INFO - OPTIONS /api/sanpham/ completed in 3ms
2025-12-05 23:00:38,686 - INFO - OPTIONS /api/danhmuc/ completed in 2ms
2025-12-05 23:00:38,711 - INFO - GET /api/sanpham/ completed in 29ms
2025-12-05 23:00:38,738 - INFO - GET /api/sanpham/ completed in 23ms
2025-12-05 23:00:38,762 - INFO - GET /api/danhmuc/ completed in 76ms
2025-12-05 23:00:39,364 - INFO - GET /api/danhmuc/ completed in 12ms
2025-12-05 23:03:34,364 - INFO - GET /api/sanpham completed in 1ms
2025-12-05 23:03:34,365 - INFO - GET /api/sanpham completed in 0ms
2025-12-05 23:03:34,373 - INFO - GET /api/sanpham/ completed in 7ms
2025-12-05 23:03:34,385 - INFO - GET /api/sanpham/ completed in 9ms
2025-12-05 23:10:39,821 - INFO - \u2705 Database tables checked/created successfully.
2025-12-05 23:10:55,631 - INFO - \u2705 Database tables checked/created successfully.
2025-12-05 23:13:32,146 - INFO - \u2705 Database tables checked/created successfully.
2025-12-05 23:19:30,159 - INFO - OPTIONS /api/api/sanpham completed in 1ms
2025-12-05 23:19:30,170 - INFO - GET /api/api/sanpham completed in 2ms
2025-12-05 23:23:22,564 - INFO - OPTIONS /api/api/auth/login completed in 1ms
2025-12-05 23:23:22,568 - INFO - POST /api/api/auth/login completed in 0ms
